<?xml version="1.0" encoding="UTF-8"?>
<!DOCTYPE coverage SYSTEM "http://cobertura.sourceforge.net/xml/coverage-04.dtd">
<coverage line-rate="0.15667166416792" branch-rate="0" lines-covered="209" lines-valid="1334" branches-covered="0" branches-valid="0" complexity="434" version="0.4" timestamp="1717140110">
  <sources>
    <source>/home/wiktoria/IdeaProjects/Team301/src</source>
  </sources>
  <packages>
    <package name="Config/MaterialType.php" line-rate="0" branch-rate="0" complexity="0">
      <classes/>
    </package>
    <package name="Controller/FeedbackController.php" line-rate="0" branch-rate="0" complexity="14">
      <classes>
        <class name="App\Controller\FeedbackController" filename="Controller/FeedbackController.php" line-rate="0" branch-rate="0" complexity="14">
          <methods>
            <method name="feedback" signature="$courseId, Symfony\Component\HttpFoundation\Request $request, Doctrine\ORM\EntityManagerInterface $entityManager" line-rate="0" branch-rate="0" complexity="5">
              <lines>
                <line number="24" hits="0"/>
                <line number="25" hits="0"/>
                <line number="26" hits="0"/>
                <line number="29" hits="0"/>
                <line number="30" hits="0"/>
                <line number="31" hits="0"/>
                <line number="33" hits="0"/>
                <line number="35" hits="0"/>
                <line number="38" hits="0"/>
                <line number="39" hits="0"/>
                <line number="40" hits="0"/>
                <line number="44" hits="0"/>
                <line number="45" hits="0"/>
                <line number="46" hits="0"/>
                <line number="49" hits="0"/>
                <line number="50" hits="0"/>
                <line number="55" hits="0"/>
                <line number="56" hits="0"/>
                <line number="57" hits="0"/>
              </lines>
            </method>
            <method name="viewFeedback" signature="$courseId, Doctrine\ORM\EntityManagerInterface $entityManager" line-rate="0" branch-rate="0" complexity="2">
              <lines>
                <line number="63" hits="0"/>
                <line number="64" hits="0"/>
                <line number="65" hits="0"/>
                <line number="68" hits="0"/>
                <line number="70" hits="0"/>
                <line number="71" hits="0"/>
                <line number="72" hits="0"/>
                <line number="73" hits="0"/>
              </lines>
            </method>
            <method name="feedbackprof" signature="int $professorId, Symfony\Component\HttpFoundation\Request $request, Doctrine\ORM\EntityManagerInterface $entityManager" line-rate="0" branch-rate="0" complexity="5">
              <lines>
                <line number="78" hits="0"/>
                <line number="79" hits="0"/>
                <line number="80" hits="0"/>
                <line number="81" hits="0"/>
                <line number="85" hits="0"/>
                <line number="86" hits="0"/>
                <line number="88" hits="0"/>
                <line number="89" hits="0"/>
                <line number="90" hits="0"/>
                <line number="91" hits="0"/>
                <line number="92" hits="0"/>
                <line number="97" hits="0"/>
                <line number="98" hits="0"/>
                <line number="99" hits="0"/>
                <line number="100" hits="0"/>
                <line number="101" hits="0"/>
                <line number="103" hits="0"/>
                <line number="106" hits="0"/>
                <line number="107" hits="0"/>
                <line number="108" hits="0"/>
                <line number="109" hits="0"/>
              </lines>
            </method>
            <method name="viewFeedbacks" signature="int $professorId, Doctrine\ORM\EntityManagerInterface $entityManager" line-rate="0" branch-rate="0" complexity="2">
              <lines>
                <line number="114" hits="0"/>
                <line number="115" hits="0"/>
                <line number="116" hits="0"/>
                <line number="119" hits="0"/>
                <line number="121" hits="0"/>
                <line number="122" hits="0"/>
                <line number="123" hits="0"/>
                <line number="124" hits="0"/>
              </lines>
            </method>
          </methods>
          <lines>
            <line number="24" hits="0"/>
            <line number="25" hits="0"/>
            <line number="26" hits="0"/>
            <line number="29" hits="0"/>
            <line number="30" hits="0"/>
            <line number="31" hits="0"/>
            <line number="33" hits="0"/>
            <line number="35" hits="0"/>
            <line number="38" hits="0"/>
            <line number="39" hits="0"/>
            <line number="40" hits="0"/>
            <line number="44" hits="0"/>
            <line number="45" hits="0"/>
            <line number="46" hits="0"/>
            <line number="49" hits="0"/>
            <line number="50" hits="0"/>
            <line number="55" hits="0"/>
            <line number="56" hits="0"/>
            <line number="57" hits="0"/>
            <line number="63" hits="0"/>
            <line number="64" hits="0"/>
            <line number="65" hits="0"/>
            <line number="68" hits="0"/>
            <line number="70" hits="0"/>
            <line number="71" hits="0"/>
            <line number="72" hits="0"/>
            <line number="73" hits="0"/>
            <line number="78" hits="0"/>
            <line number="79" hits="0"/>
            <line number="80" hits="0"/>
            <line number="81" hits="0"/>
            <line number="85" hits="0"/>
            <line number="86" hits="0"/>
            <line number="88" hits="0"/>
            <line number="89" hits="0"/>
            <line number="90" hits="0"/>
            <line number="91" hits="0"/>
            <line number="92" hits="0"/>
            <line number="97" hits="0"/>
            <line number="98" hits="0"/>
            <line number="99" hits="0"/>
            <line number="100" hits="0"/>
            <line number="101" hits="0"/>
            <line number="103" hits="0"/>
            <line number="106" hits="0"/>
            <line number="107" hits="0"/>
            <line number="108" hits="0"/>
            <line number="109" hits="0"/>
            <line number="114" hits="0"/>
            <line number="115" hits="0"/>
            <line number="116" hits="0"/>
            <line number="119" hits="0"/>
            <line number="121" hits="0"/>
            <line number="122" hits="0"/>
            <line number="123" hits="0"/>
            <line number="124" hits="0"/>
          </lines>
        </class>
      </classes>
    </package>
    <package name="Controller/HomePageController.php" line-rate="0" branch-rate="0" complexity="2">
      <classes>
        <class name="App\Controller\HomePageController" filename="Controller/HomePageController.php" line-rate="0" branch-rate="0" complexity="2">
          <methods>
            <method name="homePage" signature="" line-rate="0" branch-rate="0" complexity="1">
              <lines>
                <line number="16" hits="0"/>
                <line number="17" hits="0"/>
                <line number="18" hits="0"/>
                <line number="19" hits="0"/>
              </lines>
            </method>
            <method name="aboutPage" signature="" line-rate="0" branch-rate="0" complexity="1">
              <lines>
                <line number="25" hits="0"/>
                <line number="26" hits="0"/>
                <line number="27" hits="0"/>
                <line number="28" hits="0"/>
              </lines>
            </method>
          </methods>
          <lines>
            <line number="16" hits="0"/>
            <line number="17" hits="0"/>
            <line number="18" hits="0"/>
            <line number="19" hits="0"/>
            <line number="25" hits="0"/>
            <line number="26" hits="0"/>
            <line number="27" hits="0"/>
            <line number="28" hits="0"/>
          </lines>
        </class>
      </classes>
    </package>
    <package name="Controller/LectureController.php" line-rate="0" branch-rate="0" complexity="25">
      <classes>
        <class name="App\Controller\LectureController" filename="Controller/LectureController.php" line-rate="0" branch-rate="0" complexity="25">
          <methods>
            <method name="__construct" signature="Psr\Log\LoggerInterface $logger" line-rate="0" branch-rate="0" complexity="1">
              <lines>
                <line number="34" hits="0"/>
              </lines>
            </method>
            <method name="lecture" signature="int $id, string $type, Doctrine\ORM\EntityManagerInterface $entityManager, Symfony\Component\HttpFoundation\Request $request, App\Repository\RatingExamRepository $ratingExamRepository, App\Repository\ProfessorRateRepository $professorRateRepository, App\Repository\ProfessorRepository $professorRepository" line-rate="0" branch-rate="0" complexity="16">
              <lines>
                <line number="41" hits="0"/>
                <line number="42" hits="0"/>
                <line number="45" hits="0"/>
                <line number="46" hits="0"/>
                <line number="48" hits="0"/>
                <line number="50" hits="0"/>
                <line number="51" hits="0"/>
                <line number="52" hits="0"/>
                <line number="53" hits="0"/>
                <line number="55" hits="0"/>
                <line number="56" hits="0"/>
                <line number="57" hits="0"/>
                <line number="58" hits="0"/>
                <line number="60" hits="0"/>
                <line number="61" hits="0"/>
                <line number="64" hits="0"/>
                <line number="65" hits="0"/>
                <line number="66" hits="0"/>
                <line number="68" hits="0"/>
                <line number="69" hits="0"/>
                <line number="70" hits="0"/>
                <line number="71" hits="0"/>
                <line number="72" hits="0"/>
                <line number="73" hits="0"/>
                <line number="75" hits="0"/>
                <line number="76" hits="0"/>
                <line number="77" hits="0"/>
                <line number="78" hits="0"/>
                <line number="79" hits="0"/>
                <line number="81" hits="0"/>
                <line number="84" hits="0"/>
                <line number="85" hits="0"/>
                <line number="87" hits="0"/>
                <line number="91" hits="0"/>
                <line number="92" hits="0"/>
                <line number="93" hits="0"/>
                <line number="95" hits="0"/>
                <line number="96" hits="0"/>
                <line number="97" hits="0"/>
                <line number="98" hits="0"/>
                <line number="99" hits="0"/>
                <line number="100" hits="0"/>
                <line number="102" hits="0"/>
                <line number="103" hits="0"/>
                <line number="104" hits="0"/>
                <line number="105" hits="0"/>
                <line number="106" hits="0"/>
                <line number="110" hits="0"/>
                <line number="111" hits="0"/>
                <line number="113" hits="0"/>
                <line number="116" hits="0"/>
                <line number="117" hits="0"/>
                <line number="118" hits="0"/>
                <line number="120" hits="0"/>
                <line number="121" hits="0"/>
                <line number="123" hits="0"/>
                <line number="124" hits="0"/>
                <line number="126" hits="0"/>
                <line number="127" hits="0"/>
                <line number="128" hits="0"/>
                <line number="131" hits="0"/>
                <line number="133" hits="0"/>
                <line number="134" hits="0"/>
                <line number="136" hits="0"/>
                <line number="137" hits="0"/>
                <line number="138" hits="0"/>
                <line number="139" hits="0"/>
                <line number="142" hits="0"/>
                <line number="144" hits="0"/>
                <line number="145" hits="0"/>
                <line number="146" hits="0"/>
                <line number="147" hits="0"/>
                <line number="148" hits="0"/>
                <line number="149" hits="0"/>
                <line number="150" hits="0"/>
                <line number="151" hits="0"/>
                <line number="152" hits="0"/>
                <line number="153" hits="0"/>
                <line number="154" hits="0"/>
                <line number="155" hits="0"/>
                <line number="156" hits="0"/>
                <line number="157" hits="0"/>
                <line number="158" hits="0"/>
                <line number="159" hits="0"/>
              </lines>
            </method>
            <method name="generateSummary" signature="Symfony\Component\HttpFoundation\Request $request, Doctrine\ORM\EntityManagerInterface $entityManager, App\Service\PdfTextExtractor $pdfTextExtractor, App\Service\TextSummarizer $textSummarizer, App\Service\SummaryPdfGenerator $summaryPdfGenerator" line-rate="0" branch-rate="0" complexity="5">
              <lines>
                <line number="165" hits="0"/>
                <line number="166" hits="0"/>
                <line number="168" hits="0"/>
                <line number="169" hits="0"/>
                <line number="170" hits="0"/>
                <line number="173" hits="0"/>
                <line number="174" hits="0"/>
                <line number="177" hits="0"/>
                <line number="178" hits="0"/>
                <line number="179" hits="0"/>
                <line number="180" hits="0"/>
                <line number="181" hits="0"/>
                <line number="182" hits="0"/>
                <line number="186" hits="0"/>
                <line number="187" hits="0"/>
                <line number="191" hits="0"/>
                <line number="194" hits="0"/>
                <line number="196" hits="0"/>
                <line number="197" hits="0"/>
                <line number="198" hits="0"/>
              </lines>
            </method>
            <method name="viewPdf" signature="int $id, Doctrine\ORM\EntityManagerInterface $entityManager" line-rate="0" branch-rate="0" complexity="3">
              <lines>
                <line number="203" hits="0"/>
                <line number="205" hits="0"/>
                <line number="206" hits="0"/>
                <line number="209" hits="0"/>
                <line number="210" hits="0"/>
                <line number="211" hits="0"/>
              </lines>
            </method>
          </methods>
          <lines>
            <line number="34" hits="0"/>
            <line number="41" hits="0"/>
            <line number="42" hits="0"/>
            <line number="45" hits="0"/>
            <line number="46" hits="0"/>
            <line number="48" hits="0"/>
            <line number="50" hits="0"/>
            <line number="51" hits="0"/>
            <line number="52" hits="0"/>
            <line number="53" hits="0"/>
            <line number="55" hits="0"/>
            <line number="56" hits="0"/>
            <line number="57" hits="0"/>
            <line number="58" hits="0"/>
            <line number="60" hits="0"/>
            <line number="61" hits="0"/>
            <line number="64" hits="0"/>
            <line number="65" hits="0"/>
            <line number="66" hits="0"/>
            <line number="68" hits="0"/>
            <line number="69" hits="0"/>
            <line number="70" hits="0"/>
            <line number="71" hits="0"/>
            <line number="72" hits="0"/>
            <line number="73" hits="0"/>
            <line number="75" hits="0"/>
            <line number="76" hits="0"/>
            <line number="77" hits="0"/>
            <line number="78" hits="0"/>
            <line number="79" hits="0"/>
            <line number="81" hits="0"/>
            <line number="84" hits="0"/>
            <line number="85" hits="0"/>
            <line number="87" hits="0"/>
            <line number="91" hits="0"/>
            <line number="92" hits="0"/>
            <line number="93" hits="0"/>
            <line number="95" hits="0"/>
            <line number="96" hits="0"/>
            <line number="97" hits="0"/>
            <line number="98" hits="0"/>
            <line number="99" hits="0"/>
            <line number="100" hits="0"/>
            <line number="102" hits="0"/>
            <line number="103" hits="0"/>
            <line number="104" hits="0"/>
            <line number="105" hits="0"/>
            <line number="106" hits="0"/>
            <line number="110" hits="0"/>
            <line number="111" hits="0"/>
            <line number="113" hits="0"/>
            <line number="116" hits="0"/>
            <line number="117" hits="0"/>
            <line number="118" hits="0"/>
            <line number="120" hits="0"/>
            <line number="121" hits="0"/>
            <line number="123" hits="0"/>
            <line number="124" hits="0"/>
            <line number="126" hits="0"/>
            <line number="127" hits="0"/>
            <line number="128" hits="0"/>
            <line number="131" hits="0"/>
            <line number="133" hits="0"/>
            <line number="134" hits="0"/>
            <line number="136" hits="0"/>
            <line number="137" hits="0"/>
            <line number="138" hits="0"/>
            <line number="139" hits="0"/>
            <line number="142" hits="0"/>
            <line number="144" hits="0"/>
            <line number="145" hits="0"/>
            <line number="146" hits="0"/>
            <line number="147" hits="0"/>
            <line number="148" hits="0"/>
            <line number="149" hits="0"/>
            <line number="150" hits="0"/>
            <line number="151" hits="0"/>
            <line number="152" hits="0"/>
            <line number="153" hits="0"/>
            <line number="154" hits="0"/>
            <line number="155" hits="0"/>
            <line number="156" hits="0"/>
            <line number="157" hits="0"/>
            <line number="158" hits="0"/>
            <line number="159" hits="0"/>
            <line number="165" hits="0"/>
            <line number="166" hits="0"/>
            <line number="168" hits="0"/>
            <line number="169" hits="0"/>
            <line number="170" hits="0"/>
            <line number="173" hits="0"/>
            <line number="174" hits="0"/>
            <line number="177" hits="0"/>
            <line number="178" hits="0"/>
            <line number="179" hits="0"/>
            <line number="180" hits="0"/>
            <line number="181" hits="0"/>
            <line number="182" hits="0"/>
            <line number="186" hits="0"/>
            <line number="187" hits="0"/>
            <line number="191" hits="0"/>
            <line number="194" hits="0"/>
            <line number="196" hits="0"/>
            <line number="197" hits="0"/>
            <line number="198" hits="0"/>
            <line number="203" hits="0"/>
            <line number="205" hits="0"/>
            <line number="206" hits="0"/>
            <line number="209" hits="0"/>
            <line number="210" hits="0"/>
            <line number="211" hits="0"/>
          </lines>
        </class>
      </classes>
    </package>
    <package name="Controller/PdfViewController.php" line-rate="0" branch-rate="0" complexity="1">
      <classes>
        <class name="App\Controller\PdfViewController" filename="Controller/PdfViewController.php" line-rate="0" branch-rate="0" complexity="1">
          <methods>
            <method name="index" signature="" line-rate="0" branch-rate="0" complexity="1">
              <lines>
                <line number="14" hits="0"/>
                <line number="15" hits="0"/>
                <line number="16" hits="0"/>
              </lines>
            </method>
          </methods>
          <lines>
            <line number="14" hits="0"/>
            <line number="15" hits="0"/>
            <line number="16" hits="0"/>
          </lines>
        </class>
      </classes>
    </package>
    <package name="Controller/RatingController.php" line-rate="0" branch-rate="0" complexity="41">
      <classes>
        <class name="App\Controller\RatingController" filename="Controller/RatingController.php" line-rate="0" branch-rate="0" complexity="41">
          <methods>
            <method name="__construct" signature="Doctrine\ORM\EntityManagerInterface $entityManager, Symfony\Bundle\SecurityBundle\Security $security" line-rate="0" branch-rate="0" complexity="1">
              <lines>
                <line number="42" hits="0"/>
              </lines>
            </method>
            <method name="addCourseRate" signature="Symfony\Component\HttpFoundation\Request $request, Symfony\Component\Security\Http\Authentication\AuthenticationUtils $authenticationUtils, Symfony\Component\PasswordHasher\Hasher\UserPasswordHasherInterface $passwordHasher" line-rate="0" branch-rate="0" complexity="4">
              <lines>
                <line number="50" hits="0"/>
                <line number="52" hits="0"/>
                <line number="54" hits="0"/>
                <line number="56" hits="0"/>
                <line number="58" hits="0"/>
                <line number="61" hits="0"/>
                <line number="62" hits="0"/>
                <line number="63" hits="0"/>
                <line number="64" hits="0"/>
                <line number="65" hits="0"/>
                <line number="66" hits="0"/>
                <line number="67" hits="0"/>
                <line number="69" hits="0"/>
                <line number="72" hits="0"/>
                <line number="73" hits="0"/>
                <line number="76" hits="0"/>
                <line number="77" hits="0"/>
                <line number="80" hits="0"/>
                <line number="83" hits="0"/>
                <line number="86" hits="0"/>
                <line number="89" hits="0"/>
                <line number="90" hits="0"/>
                <line number="91" hits="0"/>
                <line number="93" hits="0"/>
              </lines>
            </method>
            <method name="rateThisExam" signature="Symfony\Component\HttpFoundation\Request $request, Doctrine\ORM\EntityManagerInterface $entityManager, Symfony\Bundle\SecurityBundle\Security $security" line-rate="0" branch-rate="0" complexity="6">
              <lines>
                <line number="99" hits="0"/>
                <line number="100" hits="0"/>
                <line number="102" hits="0"/>
                <line number="103" hits="0"/>
                <line number="106" hits="0"/>
                <line number="108" hits="0"/>
                <line number="109" hits="0"/>
                <line number="112" hits="0"/>
                <line number="113" hits="0"/>
                <line number="114" hits="0"/>
                <line number="115" hits="0"/>
                <line number="118" hits="0"/>
                <line number="119" hits="0"/>
                <line number="126" hits="0"/>
                <line number="127" hits="0"/>
                <line number="128" hits="0"/>
                <line number="130" hits="0"/>
                <line number="132" hits="0"/>
                <line number="134" hits="0"/>
                <line number="135" hits="0"/>
                <line number="136" hits="0"/>
                <line number="138" hits="0"/>
                <line number="139" hits="0"/>
                <line number="142" hits="0"/>
                <line number="143" hits="0"/>
                <line number="144" hits="0"/>
                <line number="145" hits="0"/>
                <line number="146" hits="0"/>
              </lines>
            </method>
            <method name="rateProfessor" signature="Symfony\Component\HttpFoundation\Request $request, Doctrine\ORM\EntityManagerInterface $entityManager, Symfony\Bundle\SecurityBundle\Security $security" line-rate="0" branch-rate="0" complexity="6">
              <lines>
                <line number="152" hits="0"/>
                <line number="153" hits="0"/>
                <line number="154" hits="0"/>
                <line number="155" hits="0"/>
                <line number="157" hits="0"/>
                <line number="158" hits="0"/>
                <line number="161" hits="0"/>
                <line number="163" hits="0"/>
                <line number="164" hits="0"/>
                <line number="167" hits="0"/>
                <line number="168" hits="0"/>
                <line number="169" hits="0"/>
                <line number="170" hits="0"/>
                <line number="173" hits="0"/>
                <line number="174" hits="0"/>
                <line number="176" hits="0"/>
                <line number="177" hits="0"/>
                <line number="178" hits="0"/>
                <line number="180" hits="0"/>
                <line number="182" hits="0"/>
                <line number="184" hits="0"/>
                <line number="185" hits="0"/>
                <line number="186" hits="0"/>
                <line number="188" hits="0"/>
                <line number="189" hits="0"/>
                <line number="192" hits="0"/>
                <line number="193" hits="0"/>
                <line number="194" hits="0"/>
                <line number="195" hits="0"/>
                <line number="196" hits="0"/>
              </lines>
            </method>
            <method name="viewCourseRate" signature="App\Repository\RatingExamRepository $ratingRepository, App\Repository\CourseRepository $courseRepository" line-rate="0" branch-rate="0" complexity="2">
              <lines>
                <line number="207" hits="0"/>
                <line number="210" hits="0"/>
                <line number="211" hits="0"/>
                <line number="212" hits="0"/>
                <line number="215" hits="0"/>
                <line number="218" hits="0"/>
                <line number="219" hits="0"/>
                <line number="220" hits="0"/>
                <line number="221" hits="0"/>
                <line number="222" hits="0"/>
              </lines>
            </method>
            <method name="addProfRate" signature="int $professorId, Symfony\Component\HttpFoundation\Request $request, Doctrine\ORM\EntityManagerInterface $entityManager, Symfony\Component\Security\Http\Authentication\AuthenticationUtils $authenticationUtils, Symfony\Component\PasswordHasher\Hasher\UserPasswordHasherInterface $passwordHasher" line-rate="0" branch-rate="0" complexity="5">
              <lines>
                <line number="228" hits="0"/>
                <line number="229" hits="0"/>
                <line number="230" hits="0"/>
                <line number="231" hits="0"/>
                <line number="233" hits="0"/>
                <line number="234" hits="0"/>
                <line number="236" hits="0"/>
                <line number="237" hits="0"/>
                <line number="238" hits="0"/>
                <line number="239" hits="0"/>
                <line number="240" hits="0"/>
                <line number="242" hits="0"/>
                <line number="243" hits="0"/>
                <line number="244" hits="0"/>
                <line number="245" hits="0"/>
                <line number="247" hits="0"/>
                <line number="248" hits="0"/>
                <line number="249" hits="0"/>
                <line number="251" hits="0"/>
                <line number="252" hits="0"/>
                <line number="253" hits="0"/>
                <line number="255" hits="0"/>
                <line number="256" hits="0"/>
                <line number="257" hits="0"/>
                <line number="258" hits="0"/>
                <line number="259" hits="0"/>
                <line number="260" hits="0"/>
                <line number="261" hits="0"/>
              </lines>
            </method>
            <method name="viewProfRate" signature="Doctrine\ORM\EntityManagerInterface $entityManager, Symfony\Component\Security\Http\Authentication\AuthenticationUtils $authenticationUtils" line-rate="0" branch-rate="0" complexity="5">
              <lines>
                <line number="267" hits="0"/>
                <line number="268" hits="0"/>
                <line number="269" hits="0"/>
                <line number="270" hits="0"/>
                <line number="272" hits="0"/>
                <line number="273" hits="0"/>
                <line number="274" hits="0"/>
                <line number="275" hits="0"/>
                <line number="276" hits="0"/>
                <line number="277" hits="0"/>
                <line number="278" hits="0"/>
                <line number="280" hits="0"/>
                <line number="283" hits="0"/>
                <line number="285" hits="0"/>
                <line number="286" hits="0"/>
                <line number="287" hits="0"/>
                <line number="288" hits="0"/>
                <line number="289" hits="0"/>
                <line number="291" hits="0"/>
                <line number="292" hits="0"/>
                <line number="293" hits="0"/>
                <line number="296" hits="0"/>
                <line number="297" hits="0"/>
                <line number="298" hits="0"/>
                <line number="300" hits="0"/>
                <line number="301" hits="0"/>
                <line number="302" hits="0"/>
                <line number="303" hits="0"/>
                <line number="304" hits="0"/>
                <line number="305" hits="0"/>
                <line number="306" hits="0"/>
                <line number="307" hits="0"/>
              </lines>
            </method>
            <method name="rateLab" signature="Symfony\Component\HttpFoundation\Request $request, Doctrine\ORM\EntityManagerInterface $entityManager, Symfony\Bundle\SecurityBundle\Security $security" line-rate="0" branch-rate="0" complexity="6">
              <lines>
                <line number="314" hits="0"/>
                <line number="315" hits="0"/>
                <line number="317" hits="0"/>
                <line number="318" hits="0"/>
                <line number="321" hits="0"/>
                <line number="323" hits="0"/>
                <line number="324" hits="0"/>
                <line number="327" hits="0"/>
                <line number="328" hits="0"/>
                <line number="329" hits="0"/>
                <line number="330" hits="0"/>
                <line number="333" hits="0"/>
                <line number="334" hits="0"/>
                <line number="336" hits="0"/>
                <line number="337" hits="0"/>
                <line number="338" hits="0"/>
                <line number="340" hits="0"/>
                <line number="342" hits="0"/>
                <line number="344" hits="0"/>
                <line number="345" hits="0"/>
                <line number="346" hits="0"/>
                <line number="348" hits="0"/>
                <line number="349" hits="0"/>
                <line number="352" hits="0"/>
                <line number="353" hits="0"/>
                <line number="354" hits="0"/>
                <line number="355" hits="0"/>
                <line number="356" hits="0"/>
              </lines>
            </method>
            <method name="rateLabInstructor" signature="Symfony\Component\HttpFoundation\Request $request, Doctrine\ORM\EntityManagerInterface $entityManager, Symfony\Bundle\SecurityBundle\Security $security" line-rate="0" branch-rate="0" complexity="6">
              <lines>
                <line number="362" hits="0"/>
                <line number="363" hits="0"/>
                <line number="364" hits="0"/>
                <line number="366" hits="0"/>
                <line number="367" hits="0"/>
                <line number="370" hits="0"/>
                <line number="372" hits="0"/>
                <line number="373" hits="0"/>
                <line number="376" hits="0"/>
                <line number="377" hits="0"/>
                <line number="378" hits="0"/>
                <line number="379" hits="0"/>
                <line number="382" hits="0"/>
                <line number="383" hits="0"/>
                <line number="385" hits="0"/>
                <line number="386" hits="0"/>
                <line number="387" hits="0"/>
                <line number="389" hits="0"/>
                <line number="391" hits="0"/>
                <line number="393" hits="0"/>
                <line number="394" hits="0"/>
                <line number="395" hits="0"/>
                <line number="397" hits="0"/>
                <line number="398" hits="0"/>
                <line number="401" hits="0"/>
                <line number="402" hits="0"/>
                <line number="403" hits="0"/>
                <line number="404" hits="0"/>
                <line number="405" hits="0"/>
              </lines>
            </method>
          </methods>
          <lines>
            <line number="42" hits="0"/>
            <line number="50" hits="0"/>
            <line number="52" hits="0"/>
            <line number="54" hits="0"/>
            <line number="56" hits="0"/>
            <line number="58" hits="0"/>
            <line number="61" hits="0"/>
            <line number="62" hits="0"/>
            <line number="63" hits="0"/>
            <line number="64" hits="0"/>
            <line number="65" hits="0"/>
            <line number="66" hits="0"/>
            <line number="67" hits="0"/>
            <line number="69" hits="0"/>
            <line number="72" hits="0"/>
            <line number="73" hits="0"/>
            <line number="76" hits="0"/>
            <line number="77" hits="0"/>
            <line number="80" hits="0"/>
            <line number="83" hits="0"/>
            <line number="86" hits="0"/>
            <line number="89" hits="0"/>
            <line number="90" hits="0"/>
            <line number="91" hits="0"/>
            <line number="93" hits="0"/>
            <line number="99" hits="0"/>
            <line number="100" hits="0"/>
            <line number="102" hits="0"/>
            <line number="103" hits="0"/>
            <line number="106" hits="0"/>
            <line number="108" hits="0"/>
            <line number="109" hits="0"/>
            <line number="112" hits="0"/>
            <line number="113" hits="0"/>
            <line number="114" hits="0"/>
            <line number="115" hits="0"/>
            <line number="118" hits="0"/>
            <line number="119" hits="0"/>
            <line number="126" hits="0"/>
            <line number="127" hits="0"/>
            <line number="128" hits="0"/>
            <line number="130" hits="0"/>
            <line number="132" hits="0"/>
            <line number="134" hits="0"/>
            <line number="135" hits="0"/>
            <line number="136" hits="0"/>
            <line number="138" hits="0"/>
            <line number="139" hits="0"/>
            <line number="142" hits="0"/>
            <line number="143" hits="0"/>
            <line number="144" hits="0"/>
            <line number="145" hits="0"/>
            <line number="146" hits="0"/>
            <line number="152" hits="0"/>
            <line number="153" hits="0"/>
            <line number="154" hits="0"/>
            <line number="155" hits="0"/>
            <line number="157" hits="0"/>
            <line number="158" hits="0"/>
            <line number="161" hits="0"/>
            <line number="163" hits="0"/>
            <line number="164" hits="0"/>
            <line number="167" hits="0"/>
            <line number="168" hits="0"/>
            <line number="169" hits="0"/>
            <line number="170" hits="0"/>
            <line number="173" hits="0"/>
            <line number="174" hits="0"/>
            <line number="176" hits="0"/>
            <line number="177" hits="0"/>
            <line number="178" hits="0"/>
            <line number="180" hits="0"/>
            <line number="182" hits="0"/>
            <line number="184" hits="0"/>
            <line number="185" hits="0"/>
            <line number="186" hits="0"/>
            <line number="188" hits="0"/>
            <line number="189" hits="0"/>
            <line number="192" hits="0"/>
            <line number="193" hits="0"/>
            <line number="194" hits="0"/>
            <line number="195" hits="0"/>
            <line number="196" hits="0"/>
            <line number="207" hits="0"/>
            <line number="210" hits="0"/>
            <line number="211" hits="0"/>
            <line number="212" hits="0"/>
            <line number="215" hits="0"/>
            <line number="218" hits="0"/>
            <line number="219" hits="0"/>
            <line number="220" hits="0"/>
            <line number="221" hits="0"/>
            <line number="222" hits="0"/>
            <line number="228" hits="0"/>
            <line number="229" hits="0"/>
            <line number="230" hits="0"/>
            <line number="231" hits="0"/>
            <line number="233" hits="0"/>
            <line number="234" hits="0"/>
            <line number="236" hits="0"/>
            <line number="237" hits="0"/>
            <line number="238" hits="0"/>
            <line number="239" hits="0"/>
            <line number="240" hits="0"/>
            <line number="242" hits="0"/>
            <line number="243" hits="0"/>
            <line number="244" hits="0"/>
            <line number="245" hits="0"/>
            <line number="247" hits="0"/>
            <line number="248" hits="0"/>
            <line number="249" hits="0"/>
            <line number="251" hits="0"/>
            <line number="252" hits="0"/>
            <line number="253" hits="0"/>
            <line number="255" hits="0"/>
            <line number="256" hits="0"/>
            <line number="257" hits="0"/>
            <line number="258" hits="0"/>
            <line number="259" hits="0"/>
            <line number="260" hits="0"/>
            <line number="261" hits="0"/>
            <line number="267" hits="0"/>
            <line number="268" hits="0"/>
            <line number="269" hits="0"/>
            <line number="270" hits="0"/>
            <line number="272" hits="0"/>
            <line number="273" hits="0"/>
            <line number="274" hits="0"/>
            <line number="275" hits="0"/>
            <line number="276" hits="0"/>
            <line number="277" hits="0"/>
            <line number="278" hits="0"/>
            <line number="280" hits="0"/>
            <line number="283" hits="0"/>
            <line number="285" hits="0"/>
            <line number="286" hits="0"/>
            <line number="287" hits="0"/>
            <line number="288" hits="0"/>
            <line number="289" hits="0"/>
            <line number="291" hits="0"/>
            <line number="292" hits="0"/>
            <line number="293" hits="0"/>
            <line number="296" hits="0"/>
            <line number="297" hits="0"/>
            <line number="298" hits="0"/>
            <line number="300" hits="0"/>
            <line number="301" hits="0"/>
            <line number="302" hits="0"/>
            <line number="303" hits="0"/>
            <line number="304" hits="0"/>
            <line number="305" hits="0"/>
            <line number="306" hits="0"/>
            <line number="307" hits="0"/>
            <line number="314" hits="0"/>
            <line number="315" hits="0"/>
            <line number="317" hits="0"/>
            <line number="318" hits="0"/>
            <line number="321" hits="0"/>
            <line number="323" hits="0"/>
            <line number="324" hits="0"/>
            <line number="327" hits="0"/>
            <line number="328" hits="0"/>
            <line number="329" hits="0"/>
            <line number="330" hits="0"/>
            <line number="333" hits="0"/>
            <line number="334" hits="0"/>
            <line number="336" hits="0"/>
            <line number="337" hits="0"/>
            <line number="338" hits="0"/>
            <line number="340" hits="0"/>
            <line number="342" hits="0"/>
            <line number="344" hits="0"/>
            <line number="345" hits="0"/>
            <line number="346" hits="0"/>
            <line number="348" hits="0"/>
            <line number="349" hits="0"/>
            <line number="352" hits="0"/>
            <line number="353" hits="0"/>
            <line number="354" hits="0"/>
            <line number="355" hits="0"/>
            <line number="356" hits="0"/>
            <line number="362" hits="0"/>
            <line number="363" hits="0"/>
            <line number="364" hits="0"/>
            <line number="366" hits="0"/>
            <line number="367" hits="0"/>
            <line number="370" hits="0"/>
            <line number="372" hits="0"/>
            <line number="373" hits="0"/>
            <line number="376" hits="0"/>
            <line number="377" hits="0"/>
            <line number="378" hits="0"/>
            <line number="379" hits="0"/>
            <line number="382" hits="0"/>
            <line number="383" hits="0"/>
            <line number="385" hits="0"/>
            <line number="386" hits="0"/>
            <line number="387" hits="0"/>
            <line number="389" hits="0"/>
            <line number="391" hits="0"/>
            <line number="393" hits="0"/>
            <line number="394" hits="0"/>
            <line number="395" hits="0"/>
            <line number="397" hits="0"/>
            <line number="398" hits="0"/>
            <line number="401" hits="0"/>
            <line number="402" hits="0"/>
            <line number="403" hits="0"/>
            <line number="404" hits="0"/>
            <line number="405" hits="0"/>
          </lines>
        </class>
      </classes>
    </package>
    <package name="Controller/ResetPasswordController.php" line-rate="0" branch-rate="0" complexity="15">
      <classes>
        <class name="App\Controller\ResetPasswordController" filename="Controller/ResetPasswordController.php" line-rate="0" branch-rate="0" complexity="15">
          <methods>
            <method name="__construct" signature="SymfonyCasts\Bundle\ResetPassword\ResetPasswordHelperInterface $resetPasswordHelper, Doctrine\ORM\EntityManagerInterface $entityManager" line-rate="0" branch-rate="0" complexity="1">
              <lines>
                <line number="33" hits="0"/>
              </lines>
            </method>
            <method name="request" signature="Symfony\Component\HttpFoundation\Request $request, Symfony\Component\Mailer\MailerInterface $mailer" line-rate="0" branch-rate="0" complexity="3">
              <lines>
                <line number="41" hits="0"/>
                <line number="42" hits="0"/>
                <line number="44" hits="0"/>
                <line number="45" hits="0"/>
                <line number="46" hits="0"/>
                <line number="47" hits="0"/>
                <line number="48" hits="0"/>
                <line number="51" hits="0"/>
                <line number="52" hits="0"/>
                <line number="54" hits="0"/>
                <line number="55" hits="0"/>
                <line number="56" hits="0"/>
                <line number="57" hits="0"/>
              </lines>
            </method>
            <method name="checkEmail" signature="" line-rate="0" branch-rate="0" complexity="2">
              <lines>
                <line number="68" hits="0"/>
                <line number="69" hits="0"/>
                <line number="72" hits="0"/>
                <line number="73" hits="0"/>
                <line number="74" hits="0"/>
              </lines>
            </method>
            <method name="reset" signature="Symfony\Component\HttpFoundation\Request $request, Symfony\Component\PasswordHasher\Hasher\UserPasswordHasherInterface $passwordHasher, ?string $token" line-rate="0" branch-rate="0" complexity="6">
              <lines>
                <line number="83" hits="0"/>
                <line number="86" hits="0"/>
                <line number="88" hits="0"/>
                <line number="91" hits="0"/>
                <line number="93" hits="0"/>
                <line number="94" hits="0"/>
                <line number="99" hits="0"/>
                <line number="100" hits="0"/>
                <line number="101" hits="0"/>
                <line number="102" hits="0"/>
                <line number="103" hits="0"/>
                <line number="104" hits="0"/>
                <line number="105" hits="0"/>
                <line number="107" hits="0"/>
                <line number="111" hits="0"/>
                <line number="112" hits="0"/>
                <line number="114" hits="0"/>
                <line number="116" hits="0"/>
                <line number="119" hits="0"/>
                <line number="120" hits="0"/>
                <line number="121" hits="0"/>
                <line number="122" hits="0"/>
                <line number="124" hits="0"/>
                <line number="125" hits="0"/>
                <line number="128" hits="0"/>
                <line number="130" hits="0"/>
                <line number="135" hits="0"/>
                <line number="136" hits="0"/>
                <line number="137" hits="0"/>
              </lines>
            </method>
            <method name="processSendingPasswordResetEmail" signature="string $emailFormData, Symfony\Component\Mailer\MailerInterface $mailer" line-rate="0" branch-rate="0" complexity="3">
              <lines>
                <line number="142" hits="0"/>
                <line number="143" hits="0"/>
                <line number="144" hits="0"/>
                <line number="147" hits="0"/>
                <line number="148" hits="0"/>
                <line number="152" hits="0"/>
                <line number="153" hits="0"/>
                <line number="164" hits="0"/>
                <line number="167" hits="0"/>
                <line number="168" hits="0"/>
                <line number="169" hits="0"/>
                <line number="170" hits="0"/>
                <line number="171" hits="0"/>
                <line number="172" hits="0"/>
                <line number="173" hits="0"/>
                <line number="174" hits="0"/>
                <line number="175" hits="0"/>
                <line number="177" hits="0"/>
                <line number="180" hits="0"/>
                <line number="182" hits="0"/>
              </lines>
            </method>
          </methods>
          <lines>
            <line number="33" hits="0"/>
            <line number="41" hits="0"/>
            <line number="42" hits="0"/>
            <line number="44" hits="0"/>
            <line number="45" hits="0"/>
            <line number="46" hits="0"/>
            <line number="47" hits="0"/>
            <line number="48" hits="0"/>
            <line number="51" hits="0"/>
            <line number="52" hits="0"/>
            <line number="54" hits="0"/>
            <line number="55" hits="0"/>
            <line number="56" hits="0"/>
            <line number="57" hits="0"/>
            <line number="68" hits="0"/>
            <line number="69" hits="0"/>
            <line number="72" hits="0"/>
            <line number="73" hits="0"/>
            <line number="74" hits="0"/>
            <line number="83" hits="0"/>
            <line number="86" hits="0"/>
            <line number="88" hits="0"/>
            <line number="91" hits="0"/>
            <line number="93" hits="0"/>
            <line number="94" hits="0"/>
            <line number="99" hits="0"/>
            <line number="100" hits="0"/>
            <line number="101" hits="0"/>
            <line number="102" hits="0"/>
            <line number="103" hits="0"/>
            <line number="104" hits="0"/>
            <line number="105" hits="0"/>
            <line number="107" hits="0"/>
            <line number="111" hits="0"/>
            <line number="112" hits="0"/>
            <line number="114" hits="0"/>
            <line number="116" hits="0"/>
            <line number="119" hits="0"/>
            <line number="120" hits="0"/>
            <line number="121" hits="0"/>
            <line number="122" hits="0"/>
            <line number="124" hits="0"/>
            <line number="125" hits="0"/>
            <line number="128" hits="0"/>
            <line number="130" hits="0"/>
            <line number="135" hits="0"/>
            <line number="136" hits="0"/>
            <line number="137" hits="0"/>
            <line number="142" hits="0"/>
            <line number="143" hits="0"/>
            <line number="144" hits="0"/>
            <line number="147" hits="0"/>
            <line number="148" hits="0"/>
            <line number="152" hits="0"/>
            <line number="153" hits="0"/>
            <line number="164" hits="0"/>
            <line number="167" hits="0"/>
            <line number="168" hits="0"/>
            <line number="169" hits="0"/>
            <line number="170" hits="0"/>
            <line number="171" hits="0"/>
            <line number="172" hits="0"/>
            <line number="173" hits="0"/>
            <line number="174" hits="0"/>
            <line number="175" hits="0"/>
            <line number="177" hits="0"/>
            <line number="180" hits="0"/>
            <line number="182" hits="0"/>
          </lines>
        </class>
      </classes>
    </package>
    <package name="Controller/StudyController.php" line-rate="0" branch-rate="0" complexity="10">
      <classes>
        <class name="App\Controller\StudyController" filename="Controller/StudyController.php" line-rate="0" branch-rate="0" complexity="10">
          <methods>
            <method name="__construct" signature="Symfony\Bundle\SecurityBundle\Security $security" line-rate="0" branch-rate="0" complexity="1">
              <lines>
                <line number="32" hits="0"/>
              </lines>
            </method>
            <method name="study" signature="Doctrine\ORM\EntityManagerInterface $entityManager, App\Repository\FavoriteRepository $favoriteRepository" line-rate="0" branch-rate="0" complexity="4">
              <lines>
                <line number="40" hits="0"/>
                <line number="41" hits="0"/>
                <line number="43" hits="0"/>
                <line number="44" hits="0"/>
                <line number="45" hits="0"/>
                <line number="46" hits="0"/>
                <line number="48" hits="0"/>
                <line number="50" hits="0"/>
                <line number="52" hits="0"/>
                <line number="53" hits="0"/>
                <line number="55" hits="0"/>
                <line number="56" hits="0"/>
                <line number="57" hits="0"/>
                <line number="58" hits="0"/>
                <line number="59" hits="0"/>
                <line number="62" hits="0"/>
                <line number="63" hits="0"/>
                <line number="64" hits="0"/>
                <line number="65" hits="0"/>
                <line number="66" hits="0"/>
              </lines>
            </method>
            <method name="toggleFavorite" signature="Symfony\Component\HttpFoundation\Request $request, Doctrine\ORM\EntityManagerInterface $entityManager, App\Repository\FavoriteRepository $favoriteRepository" line-rate="0" branch-rate="0" complexity="5">
              <lines>
                <line number="73" hits="0"/>
                <line number="74" hits="0"/>
                <line number="75" hits="0"/>
                <line number="77" hits="0"/>
                <line number="78" hits="0"/>
                <line number="81" hits="0"/>
                <line number="82" hits="0"/>
                <line number="85" hits="0"/>
                <line number="86" hits="0"/>
                <line number="89" hits="0"/>
                <line number="91" hits="0"/>
                <line number="92" hits="0"/>
                <line number="93" hits="0"/>
                <line number="94" hits="0"/>
                <line number="96" hits="0"/>
                <line number="97" hits="0"/>
                <line number="98" hits="0"/>
                <line number="99" hits="0"/>
                <line number="100" hits="0"/>
                <line number="101" hits="0"/>
              </lines>
            </method>
          </methods>
          <lines>
            <line number="32" hits="0"/>
            <line number="40" hits="0"/>
            <line number="41" hits="0"/>
            <line number="43" hits="0"/>
            <line number="44" hits="0"/>
            <line number="45" hits="0"/>
            <line number="46" hits="0"/>
            <line number="48" hits="0"/>
            <line number="50" hits="0"/>
            <line number="52" hits="0"/>
            <line number="53" hits="0"/>
            <line number="55" hits="0"/>
            <line number="56" hits="0"/>
            <line number="57" hits="0"/>
            <line number="58" hits="0"/>
            <line number="59" hits="0"/>
            <line number="62" hits="0"/>
            <line number="63" hits="0"/>
            <line number="64" hits="0"/>
            <line number="65" hits="0"/>
            <line number="66" hits="0"/>
            <line number="73" hits="0"/>
            <line number="74" hits="0"/>
            <line number="75" hits="0"/>
            <line number="77" hits="0"/>
            <line number="78" hits="0"/>
            <line number="81" hits="0"/>
            <line number="82" hits="0"/>
            <line number="85" hits="0"/>
            <line number="86" hits="0"/>
            <line number="89" hits="0"/>
            <line number="91" hits="0"/>
            <line number="92" hits="0"/>
            <line number="93" hits="0"/>
            <line number="94" hits="0"/>
            <line number="96" hits="0"/>
            <line number="97" hits="0"/>
            <line number="98" hits="0"/>
            <line number="99" hits="0"/>
            <line number="100" hits="0"/>
            <line number="101" hits="0"/>
          </lines>
        </class>
      </classes>
    </package>
    <package name="Controller/UserController.php" line-rate="0" branch-rate="0" complexity="26">
      <classes>
        <class name="App\Controller\UserController" filename="Controller/UserController.php" line-rate="0" branch-rate="0" complexity="26">
          <methods>
            <method name="__construct" signature="Symfony\Bundle\SecurityBundle\Security $security" line-rate="0" branch-rate="0" complexity="1">
              <lines>
                <line number="40" hits="0"/>
              </lines>
            </method>
            <method name="loginPage" signature="Symfony\Component\Security\Http\Authentication\AuthenticationUtils $authenticationUtils, Symfony\Component\HttpFoundation\Request $request, Symfony\Component\PasswordHasher\Hasher\UserPasswordHasherInterface $passwordHasher" line-rate="0" branch-rate="0" complexity="1">
              <lines>
                <line number="50" hits="0"/>
                <line number="53" hits="0"/>
                <line number="55" hits="0"/>
                <line number="56" hits="0"/>
                <line number="57" hits="0"/>
                <line number="58" hits="0"/>
                <line number="59" hits="0"/>
                <line number="60" hits="0"/>
              </lines>
            </method>
            <method name="loginCheck" signature="Symfony\Component\Security\Http\Authentication\AuthenticationUtils $authenticationUtils, Symfony\Component\HttpFoundation\Request $request, Symfony\Component\PasswordHasher\Hasher\UserPasswordHasherInterface $passwordHasher, Symfony\Bundle\SecurityBundle\Security $security, Doctrine\ORM\EntityManagerInterface $entityManager" line-rate="0" branch-rate="0" complexity="4">
              <lines>
                <line number="67" hits="0"/>
                <line number="70" hits="0"/>
                <line number="73" hits="0"/>
                <line number="74" hits="0"/>
                <line number="75" hits="0"/>
                <line number="78" hits="0"/>
                <line number="79" hits="0"/>
                <line number="80" hits="0"/>
                <line number="82" hits="0"/>
                <line number="83" hits="0"/>
                <line number="85" hits="0"/>
                <line number="86" hits="0"/>
                <line number="87" hits="0"/>
                <line number="88" hits="0"/>
                <line number="89" hits="0"/>
                <line number="90" hits="0"/>
                <line number="91" hits="0"/>
                <line number="94" hits="0"/>
                <line number="96" hits="0"/>
                <line number="98" hits="0"/>
                <line number="114" hits="0"/>
                <line number="121" hits="0"/>
                <line number="125" hits="0"/>
                <line number="126" hits="0"/>
                <line number="127" hits="0"/>
                <line number="128" hits="0"/>
                <line number="129" hits="0"/>
                <line number="130" hits="0"/>
                <line number="131" hits="0"/>
              </lines>
            </method>
            <method name="registerPage" signature="Symfony\Component\Security\Http\Authentication\AuthenticationUtils $authenticationUtils, Symfony\Component\HttpFoundation\Request $request, Symfony\Component\PasswordHasher\Hasher\UserPasswordHasherInterface $passwordHasher" line-rate="0" branch-rate="0" complexity="1">
              <lines>
                <line number="145" hits="0"/>
                <line number="147" hits="0"/>
                <line number="148" hits="0"/>
                <line number="149" hits="0"/>
                <line number="150" hits="0"/>
                <line number="151" hits="0"/>
                <line number="152" hits="0"/>
              </lines>
            </method>
            <method name="registerCheck" signature="Symfony\Component\Security\Http\Authentication\AuthenticationUtils $authenticationUtils, Symfony\Component\HttpFoundation\Session\SessionInterface $session, Symfony\Component\HttpFoundation\Request $request, Symfony\Component\PasswordHasher\Hasher\UserPasswordHasherInterface $passwordHasher, Doctrine\ORM\EntityManagerInterface $entityManager" line-rate="0" branch-rate="0" complexity="4">
              <lines>
                <line number="159" hits="0"/>
                <line number="161" hits="0"/>
                <line number="162" hits="0"/>
                <line number="163" hits="0"/>
                <line number="164" hits="0"/>
                <line number="165" hits="0"/>
                <line number="166" hits="0"/>
                <line number="169" hits="0"/>
                <line number="170" hits="0"/>
                <line number="172" hits="0"/>
                <line number="173" hits="0"/>
                <line number="174" hits="0"/>
                <line number="175" hits="0"/>
                <line number="176" hits="0"/>
                <line number="177" hits="0"/>
                <line number="178" hits="0"/>
                <line number="179" hits="0"/>
                <line number="180" hits="0"/>
                <line number="181" hits="0"/>
                <line number="182" hits="0"/>
                <line number="183" hits="0"/>
                <line number="185" hits="0"/>
                <line number="186" hits="0"/>
                <line number="187" hits="0"/>
                <line number="188" hits="0"/>
                <line number="189" hits="0"/>
                <line number="190" hits="0"/>
                <line number="191" hits="0"/>
                <line number="192" hits="0"/>
                <line number="193" hits="0"/>
                <line number="194" hits="0"/>
                <line number="195" hits="0"/>
                <line number="196" hits="0"/>
                <line number="197" hits="0"/>
                <line number="200" hits="0"/>
                <line number="202" hits="0"/>
                <line number="203" hits="0"/>
                <line number="204" hits="0"/>
                <line number="205" hits="0"/>
                <line number="206" hits="0"/>
                <line number="207" hits="0"/>
                <line number="208" hits="0"/>
                <line number="209" hits="0"/>
                <line number="210" hits="0"/>
                <line number="211" hits="0"/>
                <line number="212" hits="0"/>
                <line number="215" hits="0"/>
                <line number="217" hits="0"/>
                <line number="218" hits="0"/>
                <line number="221" hits="0"/>
                <line number="222" hits="0"/>
                <line number="223" hits="0"/>
                <line number="224" hits="0"/>
                <line number="225" hits="0"/>
                <line number="226" hits="0"/>
                <line number="228" hits="0"/>
                <line number="229" hits="0"/>
                <line number="235" hits="0"/>
                <line number="238" hits="0"/>
                <line number="251" hits="0"/>
              </lines>
            </method>
            <method name="delete" signature="Symfony\Component\PasswordHasher\Hasher\UserPasswordHasherInterface $passwordHasher, Symfony\Component\Security\Core\User\UserInterface $user" line-rate="0" branch-rate="0" complexity="2">
              <lines>
                <line number="263" hits="0"/>
                <line number="265" hits="0"/>
                <line number="266" hits="0"/>
              </lines>
            </method>
            <method name="logout" signature="Symfony\Bundle\SecurityBundle\Security $security" line-rate="0" branch-rate="0" complexity="1">
              <lines>
                <line number="279" hits="0"/>
                <line number="282" hits="0"/>
              </lines>
            </method>
            <method name="profilePage" signature="" line-rate="0" branch-rate="0" complexity="1">
              <lines>
                <line number="293" hits="0"/>
                <line number="295" hits="0"/>
                <line number="296" hits="0"/>
                <line number="297" hits="0"/>
                <line number="298" hits="0"/>
                <line number="299" hits="0"/>
                <line number="300" hits="0"/>
              </lines>
            </method>
            <method name="changeProfile" signature="Symfony\Component\HttpFoundation\Request $request, Doctrine\ORM\EntityManagerInterface $entityManager" line-rate="0" branch-rate="0" complexity="2">
              <lines>
                <line number="306" hits="0"/>
                <line number="307" hits="0"/>
                <line number="308" hits="0"/>
                <line number="309" hits="0"/>
                <line number="310" hits="0"/>
                <line number="311" hits="0"/>
                <line number="314" hits="0"/>
                <line number="315" hits="0"/>
                <line number="316" hits="0"/>
                <line number="317" hits="0"/>
                <line number="319" hits="0"/>
                <line number="320" hits="0"/>
                <line number="326" hits="0"/>
              </lines>
            </method>
            <method name="changeUsername" signature="Symfony\Component\HttpFoundation\Request $request, Doctrine\ORM\EntityManagerInterface $entityManager" line-rate="0" branch-rate="0" complexity="2">
              <lines>
                <line number="332" hits="0"/>
                <line number="333" hits="0"/>
                <line number="334" hits="0"/>
                <line number="335" hits="0"/>
                <line number="336" hits="0"/>
                <line number="337" hits="0"/>
                <line number="339" hits="0"/>
                <line number="340" hits="0"/>
                <line number="342" hits="0"/>
                <line number="343" hits="0"/>
                <line number="349" hits="0"/>
              </lines>
            </method>
            <method name="changeEmail" signature="Symfony\Component\HttpFoundation\Request $request, Doctrine\ORM\EntityManagerInterface $entityManager, Symfony\Component\PasswordHasher\Hasher\UserPasswordHasherInterface $passwordHasher, Symfony\Component\Security\Http\Authentication\AuthenticationUtils $authenticationUtils" line-rate="0" branch-rate="0" complexity="3">
              <lines>
                <line number="356" hits="0"/>
                <line number="357" hits="0"/>
                <line number="358" hits="0"/>
                <line number="359" hits="0"/>
                <line number="360" hits="0"/>
                <line number="361" hits="0"/>
                <line number="365" hits="0"/>
                <line number="366" hits="0"/>
                <line number="367" hits="0"/>
                <line number="368" hits="0"/>
                <line number="369" hits="0"/>
                <line number="371" hits="0"/>
                <line number="372" hits="0"/>
                <line number="374" hits="0"/>
                <line number="375" hits="0"/>
                <line number="376" hits="0"/>
                <line number="377" hits="0"/>
                <line number="378" hits="0"/>
                <line number="379" hits="0"/>
                <line number="387" hits="0"/>
              </lines>
            </method>
            <method name="changePassword" signature="Symfony\Component\HttpFoundation\Request $request, Doctrine\ORM\EntityManagerInterface $entityManager, Symfony\Component\PasswordHasher\Hasher\UserPasswordHasherInterface $passwordHasher, Symfony\Component\Security\Http\Authentication\AuthenticationUtils $authenticationUtils" line-rate="0" branch-rate="0" complexity="4">
              <lines>
                <line number="393" hits="0"/>
                <line number="394" hits="0"/>
                <line number="395" hits="0"/>
                <line number="396" hits="0"/>
                <line number="397" hits="0"/>
                <line number="398" hits="0"/>
                <line number="402" hits="0"/>
                <line number="403" hits="0"/>
                <line number="404" hits="0"/>
                <line number="405" hits="0"/>
                <line number="406" hits="0"/>
                <line number="407" hits="0"/>
                <line number="408" hits="0"/>
                <line number="409" hits="0"/>
                <line number="410" hits="0"/>
                <line number="412" hits="0"/>
                <line number="413" hits="0"/>
                <line number="414" hits="0"/>
                <line number="415" hits="0"/>
                <line number="416" hits="0"/>
                <line number="417" hits="0"/>
                <line number="419" hits="0"/>
                <line number="420" hits="0"/>
                <line number="421" hits="0"/>
                <line number="422" hits="0"/>
                <line number="423" hits="0"/>
                <line number="431" hits="0"/>
              </lines>
            </method>
          </methods>
          <lines>
            <line number="40" hits="0"/>
            <line number="50" hits="0"/>
            <line number="53" hits="0"/>
            <line number="55" hits="0"/>
            <line number="56" hits="0"/>
            <line number="57" hits="0"/>
            <line number="58" hits="0"/>
            <line number="59" hits="0"/>
            <line number="60" hits="0"/>
            <line number="67" hits="0"/>
            <line number="70" hits="0"/>
            <line number="73" hits="0"/>
            <line number="74" hits="0"/>
            <line number="75" hits="0"/>
            <line number="78" hits="0"/>
            <line number="79" hits="0"/>
            <line number="80" hits="0"/>
            <line number="82" hits="0"/>
            <line number="83" hits="0"/>
            <line number="85" hits="0"/>
            <line number="86" hits="0"/>
            <line number="87" hits="0"/>
            <line number="88" hits="0"/>
            <line number="89" hits="0"/>
            <line number="90" hits="0"/>
            <line number="91" hits="0"/>
            <line number="94" hits="0"/>
            <line number="96" hits="0"/>
            <line number="98" hits="0"/>
            <line number="114" hits="0"/>
            <line number="121" hits="0"/>
            <line number="125" hits="0"/>
            <line number="126" hits="0"/>
            <line number="127" hits="0"/>
            <line number="128" hits="0"/>
            <line number="129" hits="0"/>
            <line number="130" hits="0"/>
            <line number="131" hits="0"/>
            <line number="145" hits="0"/>
            <line number="147" hits="0"/>
            <line number="148" hits="0"/>
            <line number="149" hits="0"/>
            <line number="150" hits="0"/>
            <line number="151" hits="0"/>
            <line number="152" hits="0"/>
            <line number="159" hits="0"/>
            <line number="161" hits="0"/>
            <line number="162" hits="0"/>
            <line number="163" hits="0"/>
            <line number="164" hits="0"/>
            <line number="165" hits="0"/>
            <line number="166" hits="0"/>
            <line number="169" hits="0"/>
            <line number="170" hits="0"/>
            <line number="172" hits="0"/>
            <line number="173" hits="0"/>
            <line number="174" hits="0"/>
            <line number="175" hits="0"/>
            <line number="176" hits="0"/>
            <line number="177" hits="0"/>
            <line number="178" hits="0"/>
            <line number="179" hits="0"/>
            <line number="180" hits="0"/>
            <line number="181" hits="0"/>
            <line number="182" hits="0"/>
            <line number="183" hits="0"/>
            <line number="185" hits="0"/>
            <line number="186" hits="0"/>
            <line number="187" hits="0"/>
            <line number="188" hits="0"/>
            <line number="189" hits="0"/>
            <line number="190" hits="0"/>
            <line number="191" hits="0"/>
            <line number="192" hits="0"/>
            <line number="193" hits="0"/>
            <line number="194" hits="0"/>
            <line number="195" hits="0"/>
            <line number="196" hits="0"/>
            <line number="197" hits="0"/>
            <line number="200" hits="0"/>
            <line number="202" hits="0"/>
            <line number="203" hits="0"/>
            <line number="204" hits="0"/>
            <line number="205" hits="0"/>
            <line number="206" hits="0"/>
            <line number="207" hits="0"/>
            <line number="208" hits="0"/>
            <line number="209" hits="0"/>
            <line number="210" hits="0"/>
            <line number="211" hits="0"/>
            <line number="212" hits="0"/>
            <line number="215" hits="0"/>
            <line number="217" hits="0"/>
            <line number="218" hits="0"/>
            <line number="221" hits="0"/>
            <line number="222" hits="0"/>
            <line number="223" hits="0"/>
            <line number="224" hits="0"/>
            <line number="225" hits="0"/>
            <line number="226" hits="0"/>
            <line number="228" hits="0"/>
            <line number="229" hits="0"/>
            <line number="235" hits="0"/>
            <line number="238" hits="0"/>
            <line number="251" hits="0"/>
            <line number="263" hits="0"/>
            <line number="265" hits="0"/>
            <line number="266" hits="0"/>
            <line number="279" hits="0"/>
            <line number="282" hits="0"/>
            <line number="293" hits="0"/>
            <line number="295" hits="0"/>
            <line number="296" hits="0"/>
            <line number="297" hits="0"/>
            <line number="298" hits="0"/>
            <line number="299" hits="0"/>
            <line number="300" hits="0"/>
            <line number="306" hits="0"/>
            <line number="307" hits="0"/>
            <line number="308" hits="0"/>
            <line number="309" hits="0"/>
            <line number="310" hits="0"/>
            <line number="311" hits="0"/>
            <line number="314" hits="0"/>
            <line number="315" hits="0"/>
            <line number="316" hits="0"/>
            <line number="317" hits="0"/>
            <line number="319" hits="0"/>
            <line number="320" hits="0"/>
            <line number="326" hits="0"/>
            <line number="332" hits="0"/>
            <line number="333" hits="0"/>
            <line number="334" hits="0"/>
            <line number="335" hits="0"/>
            <line number="336" hits="0"/>
            <line number="337" hits="0"/>
            <line number="339" hits="0"/>
            <line number="340" hits="0"/>
            <line number="342" hits="0"/>
            <line number="343" hits="0"/>
            <line number="349" hits="0"/>
            <line number="356" hits="0"/>
            <line number="357" hits="0"/>
            <line number="358" hits="0"/>
            <line number="359" hits="0"/>
            <line number="360" hits="0"/>
            <line number="361" hits="0"/>
            <line number="365" hits="0"/>
            <line number="366" hits="0"/>
            <line number="367" hits="0"/>
            <line number="368" hits="0"/>
            <line number="369" hits="0"/>
            <line number="371" hits="0"/>
            <line number="372" hits="0"/>
            <line number="374" hits="0"/>
            <line number="375" hits="0"/>
            <line number="376" hits="0"/>
            <line number="377" hits="0"/>
            <line number="378" hits="0"/>
            <line number="379" hits="0"/>
            <line number="387" hits="0"/>
            <line number="393" hits="0"/>
            <line number="394" hits="0"/>
            <line number="395" hits="0"/>
            <line number="396" hits="0"/>
            <line number="397" hits="0"/>
            <line number="398" hits="0"/>
            <line number="402" hits="0"/>
            <line number="403" hits="0"/>
            <line number="404" hits="0"/>
            <line number="405" hits="0"/>
            <line number="406" hits="0"/>
            <line number="407" hits="0"/>
            <line number="408" hits="0"/>
            <line number="409" hits="0"/>
            <line number="410" hits="0"/>
            <line number="412" hits="0"/>
            <line number="413" hits="0"/>
            <line number="414" hits="0"/>
            <line number="415" hits="0"/>
            <line number="416" hits="0"/>
            <line number="417" hits="0"/>
            <line number="419" hits="0"/>
            <line number="420" hits="0"/>
            <line number="421" hits="0"/>
            <line number="422" hits="0"/>
            <line number="423" hits="0"/>
            <line number="431" hits="0"/>
          </lines>
        </class>
      </classes>
    </package>
    <package name="DataFixtures/AppFixtures.php" line-rate="0" branch-rate="0" complexity="1">
      <classes>
        <class name="App\DataFixtures\AppFixtures" filename="DataFixtures/AppFixtures.php" line-rate="0" branch-rate="0" complexity="1">
          <methods>
            <method name="load" signature="Doctrine\Persistence\ObjectManager $manager" line-rate="0" branch-rate="0" complexity="1">
              <lines>
                <line number="15" hits="0"/>
              </lines>
            </method>
          </methods>
          <lines>
            <line number="15" hits="0"/>
          </lines>
        </class>
      </classes>
    </package>
    <package name="Entity/Comment.php" line-rate="0.97142857142857" branch-rate="0" complexity="24">
      <classes>
        <class name="App\Entity\Comment" filename="Entity/Comment.php" line-rate="0.97142857142857" branch-rate="0" complexity="24">
          <methods>
            <method name="__construct" signature="" line-rate="1" branch-rate="0" complexity="1">
              <lines>
                <line number="50" hits="11"/>
              </lines>
            </method>
            <method name="getId" signature="" line-rate="1" branch-rate="0" complexity="1">
              <lines>
                <line number="56" hits="1"/>
              </lines>
            </method>
            <method name="setId" signature="int $id" line-rate="1" branch-rate="0" complexity="1">
              <lines>
                <line number="61" hits="1"/>
                <line number="63" hits="1"/>
              </lines>
            </method>
            <method name="getCourseId" signature="" line-rate="1" branch-rate="0" complexity="1">
              <lines>
                <line number="68" hits="1"/>
              </lines>
            </method>
            <method name="setCourseId" signature="int $course_id" line-rate="1" branch-rate="0" complexity="1">
              <lines>
                <line number="73" hits="1"/>
                <line number="75" hits="1"/>
              </lines>
            </method>
            <method name="getUserId" signature="" line-rate="1" branch-rate="0" complexity="1">
              <lines>
                <line number="80" hits="1"/>
              </lines>
            </method>
            <method name="setUserId" signature="int $user_id" line-rate="1" branch-rate="0" complexity="1">
              <lines>
                <line number="85" hits="1"/>
                <line number="87" hits="1"/>
              </lines>
            </method>
            <method name="getType" signature="" line-rate="1" branch-rate="0" complexity="1">
              <lines>
                <line number="92" hits="1"/>
              </lines>
            </method>
            <method name="setType" signature="string $type" line-rate="1" branch-rate="0" complexity="1">
              <lines>
                <line number="97" hits="1"/>
                <line number="99" hits="1"/>
              </lines>
            </method>
            <method name="getCommentText" signature="" line-rate="1" branch-rate="0" complexity="1">
              <lines>
                <line number="104" hits="1"/>
              </lines>
            </method>
            <method name="setCommentText" signature="string $comment_text" line-rate="1" branch-rate="0" complexity="1">
              <lines>
                <line number="109" hits="1"/>
                <line number="111" hits="1"/>
              </lines>
            </method>
            <method name="getParentId" signature="" line-rate="1" branch-rate="0" complexity="1">
              <lines>
                <line number="116" hits="1"/>
              </lines>
            </method>
            <method name="setParentId" signature="?int $parent_id" line-rate="1" branch-rate="0" complexity="1">
              <lines>
                <line number="121" hits="1"/>
                <line number="123" hits="1"/>
              </lines>
            </method>
            <method name="getCreatedAt" signature="" line-rate="1" branch-rate="0" complexity="1">
              <lines>
                <line number="128" hits="1"/>
              </lines>
            </method>
            <method name="setCreatedAt" signature="DateTime $created_at" line-rate="1" branch-rate="0" complexity="1">
              <lines>
                <line number="133" hits="1"/>
                <line number="135" hits="1"/>
              </lines>
            </method>
[...]
          </methods>
          <lines>
            <line number="20" hits="0"/>
            <line number="25" hits="0"/>
            <line number="26" hits="0"/>
            <line number="27" hits="0"/>
            <line number="28" hits="0"/>
            <line number="29" hits="0"/>
            <line number="31" hits="0"/>
            <line number="33" hits="0"/>
            <line number="34" hits="0"/>
            <line number="87" hits="0"/>
            <line number="88" hits="0"/>
            <line number="89" hits="0"/>
            <line number="90" hits="0"/>
            <line number="92" hits="0"/>
            <line number="94" hits="0"/>
          </lines>
        </class>
      </classes>
    </package>
    <package name="Repository/ProfessorRepository.php" line-rate="0" branch-rate="0" complexity="2">
      <classes>
        <class name="App\Repository\ProfessorRepository" filename="Repository/ProfessorRepository.php" line-rate="0" branch-rate="0" complexity="2">
          <methods>
            <method name="__construct" signature="Doctrine\Persistence\ManagerRegistry $registry" line-rate="0" branch-rate="0" complexity="1">
              <lines>
                <line number="21" hits="0"/>
              </lines>
            </method>
            <method name="findProfessorByCourseId" signature="int $courseId" line-rate="0" branch-rate="0" complexity="1">
              <lines>
                <line number="50" hits="0"/>
                <line number="51" hits="0"/>
                <line number="52" hits="0"/>
                <line number="53" hits="0"/>
                <line number="54" hits="0"/>
                <line number="55" hits="0"/>
              </lines>
            </method>
          </methods>
          <lines>
            <line number="21" hits="0"/>
            <line number="50" hits="0"/>
            <line number="51" hits="0"/>
            <line number="52" hits="0"/>
            <line number="53" hits="0"/>
            <line number="54" hits="0"/>
            <line number="55" hits="0"/>
          </lines>
        </class>
      </classes>
    </package>
    <package name="Repository/RatingExamRepository.php" line-rate="0" branch-rate="0" complexity="5">
      <classes>
        <class name="App\Repository\RatingExamRepository" filename="Repository/RatingExamRepository.php" line-rate="0" branch-rate="0" complexity="5">
          <methods>
            <method name="__construct" signature="Doctrine\Persistence\ManagerRegistry $registry" line-rate="0" branch-rate="0" complexity="1">
              <lines>
                <line number="12" hits="0"/>
              </lines>
            </method>
            <method name="getAverageRatings" signature="" line-rate="0" branch-rate="0" complexity="2">
              <lines>
                <line number="22" hits="0"/>
                <line number="23" hits="0"/>
                <line number="24" hits="0"/>
                <line number="26" hits="0"/>
                <line number="27" hits="0"/>
                <line number="29" hits="0"/>
                <line number="30" hits="0"/>
                <line number="31" hits="0"/>
                <line number="32" hits="0"/>
                <line number="33" hits="0"/>
                <line number="34" hits="0"/>
                <line number="37" hits="0"/>
              </lines>
            </method>
            <method name="getAverageRatingForCourse" signature="int $courseId" line-rate="0" branch-rate="0" complexity="2">
              <lines>
                <line number="42" hits="0"/>
                <line number="43" hits="0"/>
                <line number="44" hits="0"/>
                <line number="45" hits="0"/>
                <line number="47" hits="0"/>
                <line number="48" hits="0"/>
                <line number="50" hits="0"/>
              </lines>
            </method>
          </methods>
          <lines>
            <line number="12" hits="0"/>
            <line number="22" hits="0"/>
            <line number="23" hits="0"/>
            <line number="24" hits="0"/>
            <line number="26" hits="0"/>
            <line number="27" hits="0"/>
            <line number="29" hits="0"/>
            <line number="30" hits="0"/>
            <line number="31" hits="0"/>
            <line number="32" hits="0"/>
            <line number="33" hits="0"/>
            <line number="34" hits="0"/>
            <line number="37" hits="0"/>
            <line number="42" hits="0"/>
            <line number="43" hits="0"/>
            <line number="44" hits="0"/>
            <line number="45" hits="0"/>
            <line number="47" hits="0"/>
            <line number="48" hits="0"/>
            <line number="50" hits="0"/>
          </lines>
        </class>
      </classes>
    </package>
    <package name="Repository/ResetPasswordRequestRepository.php" line-rate="0" branch-rate="0" complexity="2">
      <classes>
        <class name="App\Repository\ResetPasswordRequestRepository" filename="Repository/ResetPasswordRequestRepository.php" line-rate="0" branch-rate="0" complexity="2">
          <methods>
            <method name="__construct" signature="Doctrine\Persistence\ManagerRegistry $registry" line-rate="0" branch-rate="0" complexity="1">
              <lines>
                <line number="22" hits="0"/>
              </lines>
            </method>
            <method name="createResetPasswordRequest" signature="object $user, DateTimeInterface $expiresAt, string $selector, string $hashedToken" line-rate="0" branch-rate="0" complexity="1">
              <lines>
                <line number="30" hits="0"/>
              </lines>
            </method>
          </methods>
          <lines>
            <line number="22" hits="0"/>
            <line number="30" hits="0"/>
          </lines>
        </class>
      </classes>
    </package>
    <package name="Repository/StudentRepository.php" line-rate="0" branch-rate="0" complexity="3">
      <classes>
        <class name="App\Repository\StudentRepository" filename="Repository/StudentRepository.php" line-rate="0" branch-rate="0" complexity="3">
          <methods>
            <method name="__construct" signature="Doctrine\Persistence\ManagerRegistry $registry" line-rate="0" branch-rate="0" complexity="1">
              <lines>
                <line number="22" hits="0"/>
              </lines>
            </method>
            <method name="findStudentIdByUsername" signature="string $username" line-rate="0" branch-rate="0" complexity="2">
              <lines>
                <line number="32" hits="0"/>
                <line number="33" hits="0"/>
                <line number="34" hits="0"/>
                <line number="35" hits="0"/>
                <line number="36" hits="0"/>
                <line number="38" hits="0"/>
                <line number="41" hits="0"/>
                <line number="42" hits="0"/>
                <line number="45" hits="0"/>
              </lines>
            </method>
          </methods>
          <lines>
            <line number="22" hits="0"/>
            <line number="32" hits="0"/>
            <line number="33" hits="0"/>
            <line number="34" hits="0"/>
            <line number="35" hits="0"/>
            <line number="36" hits="0"/>
            <line number="38" hits="0"/>
            <line number="41" hits="0"/>
            <line number="42" hits="0"/>
            <line number="45" hits="0"/>
          </lines>
        </class>
      </classes>
    </package>
    <package name="Repository/StudyMaterialRepository.php" line-rate="0" branch-rate="0" complexity="1">
      <classes>
        <class name="App\Repository\StudyMaterialRepository" filename="Repository/StudyMaterialRepository.php" line-rate="0" branch-rate="0" complexity="1">
          <methods>
            <method name="__construct" signature="Doctrine\Persistence\ManagerRegistry $registry" line-rate="0" branch-rate="0" complexity="1">
              <lines>
                <line number="21" hits="0"/>
              </lines>
            </method>
          </methods>
          <lines>
            <line number="21" hits="0"/>
          </lines>
        </class>
      </classes>
    </package>
    <package name="Repository/UserRepository.php" line-rate="0" branch-rate="0" complexity="1">
      <classes>
        <class name="App\Repository\UserRepository" filename="Repository/UserRepository.php" line-rate="0" branch-rate="0" complexity="1">
          <methods>
            <method name="upgradePassword" signature="Symfony\Component\Security\Core\User\PasswordAuthenticatedUserInterface $user, string $newHashedPassword" line-rate="0" branch-rate="0" complexity="1">
              <lines>
                <line number="14" hits="0"/>
                <line number="17" hits="0"/>
              </lines>
            </method>
          </methods>
          <lines>
            <line number="14" hits="0"/>
            <line number="17" hits="0"/>
          </lines>
        </class>
      </classes>
    </package>
    <package name="Security/AuthenticationEntryPoint.php" line-rate="0" branch-rate="0" complexity="2">
      <classes>
        <class name="App\Security\AuthenticationEntryPoint" filename="Security/AuthenticationEntryPoint.php" line-rate="0" branch-rate="0" complexity="2">
          <methods>
            <method name="__construct" signature="Symfony\Component\Routing\Generator\UrlGeneratorInterface $urlGenerator" line-rate="0" branch-rate="0" complexity="1">
              <lines>
                <line number="17" hits="0"/>
              </lines>
            </method>
            <method name="start" signature="Symfony\Component\HttpFoundation\Request $request, ?Symfony\Component\Security\Core\Exception\AuthenticationException $authException" line-rate="0" branch-rate="0" complexity="1">
              <lines>
                <line number="22" hits="0"/>
                <line number="24" hits="0"/>
              </lines>
            </method>
          </methods>
          <lines>
            <line number="17" hits="0"/>
            <line number="22" hits="0"/>
            <line number="24" hits="0"/>
          </lines>
        </class>
      </classes>
    </package>
    <package name="Service/PdfTextExtractor.php" line-rate="0" branch-rate="0" complexity="6">
      <classes>
        <class name="App\Service\PdfTextExtractor" filename="Service/PdfTextExtractor.php" line-rate="0" branch-rate="0" complexity="6">
          <methods>
            <method name="__construct" signature="" line-rate="0" branch-rate="0" complexity="1">
              <lines>
                <line number="12" hits="0"/>
              </lines>
            </method>
            <method name="extractTextFromPath" signature="$pdfPath" line-rate="0" branch-rate="0" complexity="1">
              <lines>
                <line number="17" hits="0"/>
                <line number="18" hits="0"/>
              </lines>
            </method>
            <method name="extractTextFromBlob" signature="$pdfBlob" line-rate="0" branch-rate="0" complexity="1">
              <lines>
                <line number="23" hits="0"/>
                <line number="24" hits="0"/>
              </lines>
            </method>
            <method name="extractTextFromPdf" signature="$pdf" line-rate="0" branch-rate="0" complexity="2">
              <lines>
                <line number="29" hits="0"/>
                <line number="30" hits="0"/>
                <line number="31" hits="0"/>
                <line number="32" hits="0"/>
                <line number="34" hits="0"/>
              </lines>
            </method>
            <method name="removeUnwantedContent" signature="$text" line-rate="0" branch-rate="0" complexity="1">
              <lines>
                <line number="39" hits="0"/>
                <line number="40" hits="0"/>
                <line number="41" hits="0"/>
                <line number="42" hits="0"/>
                <line number="43" hits="0"/>
              </lines>
            </method>
          </methods>
          <lines>
            <line number="12" hits="0"/>
            <line number="17" hits="0"/>
            <line number="18" hits="0"/>
            <line number="23" hits="0"/>
            <line number="24" hits="0"/>
            <line number="29" hits="0"/>
            <line number="30" hits="0"/>
            <line number="31" hits="0"/>
            <line number="32" hits="0"/>
            <line number="34" hits="0"/>
            <line number="39" hits="0"/>
            <line number="40" hits="0"/>
            <line number="41" hits="0"/>
            <line number="42" hits="0"/>
            <line number="43" hits="0"/>
          </lines>
        </class>
      </classes>
    </package>
    <package name="Service/SummaryPdfGenerator.php" line-rate="0" branch-rate="0" complexity="6">
      <classes>
        <class name="App\Service\SummaryPdfGenerator" filename="Service/SummaryPdfGenerator.php" line-rate="0" branch-rate="0" complexity="6">
          <methods>
            <method name="generate" signature="$summary, $outputPath" line-rate="0" branch-rate="0" complexity="6">
              <lines>
                <line number="12" hits="0"/>
                <line number="13" hits="0"/>
                <line number="16" hits="0"/>
                <line number="18" hits="0"/>
                <line number="20" hits="0"/>
                <line number="21" hits="0"/>
                <line number="23" hits="0"/>
                <line number="25" hits="0"/>
                <line number="26" hits="0"/>
                <line number="27" hits="0"/>
                <line number="28" hits="0"/>
                <line number="29" hits="0"/>
                <line number="31" hits="0"/>
                <line number="32" hits="0"/>
                <line number="33" hits="0"/>
                <line number="34" hits="0"/>
                <line number="36" hits="0"/>
                <line number="37" hits="0"/>
                <line number="38" hits="0"/>
                <line number="39" hits="0"/>
                <line number="41" hits="0"/>
                <line number="42" hits="0"/>
                <line number="43" hits="0"/>
                <line number="46" hits="0"/>
                <line number="47" hits="0"/>
                <line number="48" hits="0"/>
                <line number="51" hits="0"/>
                <line number="54" hits="0"/>
              </lines>
            </method>
          </methods>
          <lines>
            <line number="12" hits="0"/>
            <line number="13" hits="0"/>
            <line number="16" hits="0"/>
            <line number="18" hits="0"/>
            <line number="20" hits="0"/>
            <line number="21" hits="0"/>
            <line number="23" hits="0"/>
            <line number="25" hits="0"/>
            <line number="26" hits="0"/>
            <line number="27" hits="0"/>
            <line number="28" hits="0"/>
            <line number="29" hits="0"/>
            <line number="31" hits="0"/>
            <line number="32" hits="0"/>
            <line number="33" hits="0"/>
            <line number="34" hits="0"/>
            <line number="36" hits="0"/>
            <line number="37" hits="0"/>
            <line number="38" hits="0"/>
            <line number="39" hits="0"/>
            <line number="41" hits="0"/>
            <line number="42" hits="0"/>
            <line number="43" hits="0"/>
            <line number="46" hits="0"/>
            <line number="47" hits="0"/>
            <line number="48" hits="0"/>
            <line number="51" hits="0"/>
            <line number="54" hits="0"/>
          </lines>
        </class>
      </classes>
    </package>
    <package name="Service/TextSummarizer.php" line-rate="0" branch-rate="0" complexity="20">
      <classes>
        <class name="App\Service\TextSummarizer" filename="Service/TextSummarizer.php" line-rate="0" branch-rate="0" complexity="20">
          <methods>
            <method name="summarize" signature="array $pages, $maxElements" line-rate="0" branch-rate="0" complexity="14">
              <lines>
                <line number="9" hits="0"/>
                <line number="11" hits="0"/>
                <line number="13" hits="0"/>
                <line number="15" hits="0"/>
                <line number="18" hits="0"/>
                <line number="19" hits="0"/>
                <line number="21" hits="0"/>
                <line number="22" hits="0"/>
                <line number="24" hits="0"/>
                <line number="25" hits="0"/>
                <line number="27" hits="0"/>
                <line number="28" hits="0"/>
                <line number="30" hits="0"/>
                <line number="33" hits="0"/>
                <line number="34" hits="0"/>
                <line number="38" hits="0"/>
                <line number="39" hits="0"/>
                <line number="40" hits="0"/>
                <line number="41" hits="0"/>
                <line number="42" hits="0"/>
                <line number="43" hits="0"/>
                <line number="48" hits="0"/>
                <line number="49" hits="0"/>
                <line number="50" hits="0"/>
                <line number="51" hits="0"/>
                <line number="52" hits="0"/>
                <line number="54" hits="0"/>
                <line number="59" hits="0"/>
              </lines>
            </method>
            <method name="identifyRepeatedContent" signature="array $pages" line-rate="0" branch-rate="0" complexity="6">
              <lines>
                <line number="64" hits="0"/>
                <line number="65" hits="0"/>
                <line number="66" hits="0"/>
                <line number="67" hits="0"/>
                <line number="68" hits="0"/>
                <line number="69" hits="0"/>
                <line number="71" hits="0"/>
                <line number="75" hits="0"/>
                <line number="76" hits="0"/>
                <line number="77" hits="0"/>
                <line number="78" hits="0"/>
                <line number="82" hits="0"/>
              </lines>
            </method>
          </methods>
          <lines>
            <line number="9" hits="0"/>
            <line number="11" hits="0"/>
            <line number="13" hits="0"/>
            <line number="15" hits="0"/>
            <line number="18" hits="0"/>
            <line number="19" hits="0"/>
            <line number="21" hits="0"/>
            <line number="22" hits="0"/>
            <line number="24" hits="0"/>
            <line number="25" hits="0"/>
            <line number="27" hits="0"/>
            <line number="28" hits="0"/>
            <line number="30" hits="0"/>
            <line number="33" hits="0"/>
            <line number="34" hits="0"/>
            <line number="38" hits="0"/>
            <line number="39" hits="0"/>
            <line number="40" hits="0"/>
            <line number="41" hits="0"/>
            <line number="42" hits="0"/>
            <line number="43" hits="0"/>
            <line number="48" hits="0"/>
            <line number="49" hits="0"/>
            <line number="50" hits="0"/>
            <line number="51" hits="0"/>
            <line number="52" hits="0"/>
            <line number="54" hits="0"/>
            <line number="59" hits="0"/>
            <line number="64" hits="0"/>
            <line number="65" hits="0"/>
            <line number="66" hits="0"/>
            <line number="67" hits="0"/>
            <line number="68" hits="0"/>
            <line number="69" hits="0"/>
            <line number="71" hits="0"/>
            <line number="75" hits="0"/>
            <line number="76" hits="0"/>
            <line number="77" hits="0"/>
            <line number="78" hits="0"/>
            <line number="82" hits="0"/>
          </lines>
        </class>
      </classes>
    </package>
  </packages>
</coverage>
